<?xml version="1.0" encoding="UTF-8"?>
<!-- Generated by org.testng.reporters.JUnitReportReporter -->
<testsuite skipped="0" hostname="ESI-PC7" name="com.org.PradeepWebsite.tests.RegistrationTests" tests="6" failures="0" timestamp="2020-09-16T22:10:57 IST" time="10.182" errors="0">
  <testcase name="TextBoxfields" time="2.423" classname="com.org.PradeepWebsite.tests.RegistrationTests"/>
  <system-out/>
  <testcase name="validateMStatus" time="2.246" classname="com.org.PradeepWebsite.tests.RegistrationTests"/>
  <system-out/>
  <testcase name="validategender" time="2.128" classname="com.org.PradeepWebsite.tests.RegistrationTests"/>
  <system-out/>
  <testcase name="validatecheckbox" time="1.128" classname="com.org.PradeepWebsite.tests.RegistrationTests"/>
  <system-out/>
  <testcase name="validateuploadImage" time="1.107" classname="com.org.PradeepWebsite.tests.RegistrationTests"/>
  <system-out/>
  <testcase name="validateRegisterButton" time="1.150" classname="com.org.PradeepWebsite.tests.RegistrationTests"/>
  <system-out/>
</testsuite> <!-- com.org.PradeepWebsite.tests.RegistrationTests -->
